<?xml version="1.0" encoding="UTF-8"?>
<!-- Generated by org.testng.reporters.JUnitReportReporter -->
<testsuite hostname="Hanumant" failures="0" tests="1" name="com.actitime.testscript.DemoTesting" time="0.001" errors="0" timestamp="2022-11-09T12:45:19 IST" skipped="0">
  <testcase classname="com.actitime.testscript.DemoTesting" name="testDemo" time="0.001"/>
  <system-out>
    <![CDATA[Welcome to Testing
bye
abcd]]>
  </system-out>
</testsuite> <!-- com.actitime.testscript.DemoTesting -->
