<?xml version="1.0" encoding="UTF-8"?>
<!-- Generated by org.testng.reporters.JUnitReportReporter -->
<testsuite hostname="Hanumant" failures="0" tests="3" name="com.actitime.testscript.Task" time="1.176" errors="0" timestamp="2022-11-09T12:45:19 IST" skipped="0">
  <testcase classname="com.actitime.testscript.Task" name="readExcel" time="0.964"/>
  <system-out>
    <![CDATA[admin10
manager10]]>
  </system-out>
  <testcase classname="com.actitime.testscript.Task" name="property" time="0.002"/>
  <system-out>
    <![CDATA[https://demo.actitime.com/login.do
admin
manager]]>
  </system-out>
  <testcase classname="com.actitime.testscript.Task" name="writeExcel" time="0.210"/>
  <system-out/>
</testsuite> <!-- com.actitime.testscript.Task -->
