<?xml version="1.0" encoding="UTF-8"?>
<!-- Generated by org.testng.reporters.JUnitReportReporter -->
<testsuite hostname="Hanumant" failures="0" tests="1" name="com.actitime.generic.DemoScreenshot" time="21.114" errors="0" timestamp="2022-11-16T16:53:52 IST" skipped="0">
  <testcase classname="com.actitime.generic.DemoScreenshot" name="screenShot" time="21.114"/>
  <system-out/>
</testsuite> <!-- com.actitime.generic.DemoScreenshot -->
