<?xml version="1.0" encoding="UTF-8"?>
<!-- Generated by org.testng.reporters.JUnitReportReporter -->
<testsuite hostname="Hanumant" failures="0" tests="1" name="com.actitime.generic.CustomerModel" time="110.900" errors="0" timestamp="2022-12-04T18:34:27 IST" skipped="0">
  <testcase classname="com.actitime.generic.CustomerModel" name="createCustomer" time="110.900"/>
  <system-out>
    <![CDATA[createCustomer]]>
  </system-out>
</testsuite> <!-- com.actitime.generic.CustomerModel -->
