<?xml version="1.0" encoding="UTF-8"?>
<!-- Generated by org.testng.reporters.JUnitReportReporter -->
<testsuite hostname="Hanumant" failures="0" tests="5" name="com.actitime.testscript.CustomerModel" time="0.005" errors="0" timestamp="2022-11-09T12:45:19 IST" skipped="0">
  <testcase classname="com.actitime.testscript.CustomerModel" name="createCustomer" time="0.002"/>
  <system-out>
    <![CDATA[Create customer]]>
  </system-out>
  <testcase classname="com.actitime.testscript.CustomerModel" name="createCustomer" time="0.001"/>
  <system-out>
    <![CDATA[Create customer]]>
  </system-out>
  <testcase classname="com.actitime.testscript.CustomerModel" name="createCustomer" time="0.000"/>
  <system-out>
    <![CDATA[Create customer]]>
  </system-out>
  <testcase classname="com.actitime.testscript.CustomerModel" name="modifyCustomer" time="0.001"/>
  <system-out>
    <![CDATA[Modify Customer]]>
  </system-out>
  <testcase classname="com.actitime.testscript.CustomerModel" name="deleteCustomer" time="0.001"/>
  <system-out>
    <![CDATA[Delete Customer]]>
  </system-out>
</testsuite> <!-- com.actitime.testscript.CustomerModel -->
