<?xml version="1.0" encoding="UTF-8"?>
<!-- Generated by org.testng.reporters.JUnitReportReporter -->
<testsuite hostname="Hanumant" failures="0" tests="1" name="com.actitime.generic.ScreenShotAsgn" time="23.312" errors="0" timestamp="2022-11-16T17:01:02 IST" skipped="0">
  <testcase classname="com.actitime.generic.ScreenShotAsgn" name="screenShot" time="23.312"/>
  <system-out/>
</testsuite> <!-- com.actitime.generic.ScreenShotAsgn -->
