<?xml version="1.0" encoding="UTF-8"?>
<!-- Generated by org.testng.reporters.JUnitReportReporter -->
<testsuite hostname="Hanumant" failures="0" tests="2" name="com.actitime.testscript.CustomerModule" time="0.002" errors="0" timestamp="2022-11-09T18:01:22 IST" skipped="0">
  <testcase classname="com.actitime.testscript.CustomerModule" name="createCustomer" time="0.002"/>
  <system-out>
    <![CDATA[createCustomer]]>
  </system-out>
  <testcase classname="com.actitime.testscript.CustomerModule" name="deleteCustomer" time="0.000"/>
  <system-out>
    <![CDATA[deleteCustomer]]>
  </system-out>
</testsuite> <!-- com.actitime.testscript.CustomerModule -->
