<?xml version="1.0" encoding="UTF-8"?>
<!-- Generated by org.testng.reporters.JUnitReportReporter -->
<testsuite hostname="Hanumant" failures="0" tests="4" name="com.actitime.testscript.CustomerModule2" time="0.009" errors="0" timestamp="2022-11-09T18:01:22 IST" skipped="0">
  <testcase classname="com.actitime.testscript.CustomerModule2" name="deleteCustomer" time="0.005"/>
  <system-out>
    <![CDATA[deleteCustomer]]>
  </system-out>
  <testcase classname="com.actitime.testscript.CustomerModule2" name="registerCustomer" time="0.001"/>
  <system-out>
    <![CDATA[registerCustomer]]>
  </system-out>
  <testcase classname="com.actitime.testscript.CustomerModule2" name="editCustomer" time="0.002"/>
  <system-out>
    <![CDATA[edditCustomer]]>
  </system-out>
  <testcase classname="com.actitime.testscript.CustomerModule2" name="editCustomer" time="0.001"/>
  <system-out>
    <![CDATA[edditCustomer]]>
  </system-out>
</testsuite> <!-- com.actitime.testscript.CustomerModule2 -->
